2022-12-10 11:49:58,805 | INFO | ulauncher: main() | Ulauncher version 5.15.0
2022-12-10 11:49:58,806 | INFO | ulauncher: main() | Extension API version 2.0.0
2022-12-10 11:49:58,806 | INFO | ulauncher: main() | GTK+ 3.24.35
2022-12-10 11:49:58,806 | INFO | ulauncher: main() | Is Wayland: False
2022-12-10 11:49:58,806 | INFO | ulauncher: main() | Wayland compatibility: off
2022-12-10 11:49:58,831 | DEBUG | ulauncher.ui.windows.Builder: __init__() | consider using a pythonic name instead of design name 'input-box'
2022-12-10 11:49:58,834 | DEBUG | ulauncher.ui.windows.Builder: do_connect() | connect builder by name 'ulauncher_window','destroy', 'on_destroy'
2022-12-10 11:49:58,834 | DEBUG | ulauncher.ui.windows.Builder: do_connect() | connect builder by name 'ulauncher_window','focus_in_event', 'on_focus_in_event'
2022-12-10 11:49:58,835 | DEBUG | ulauncher.ui.windows.Builder: do_connect() | connect builder by name 'ulauncher_window','focus_out_event', 'on_focus_out_event'
2022-12-10 11:49:58,836 | DEBUG | ulauncher.ui.windows.Builder: do_connect() | connect builder by name 'input','key_press_event', 'on_input_key_press_event'
2022-12-10 11:49:58,837 | DEBUG | ulauncher.ui.windows.Builder: log_unconnected_functions() | Not connected to builder 'on_input_changed'
2022-12-10 11:49:58,837 | DEBUG | ulauncher.ui.windows.Builder: log_unconnected_functions() | Not connected to builder 'on_mnu_about_activate'
2022-12-10 11:49:58,837 | DEBUG | ulauncher.ui.windows.Builder: log_unconnected_functions() | Not connected to builder 'on_mnu_close_activate'
2022-12-10 11:49:58,837 | DEBUG | ulauncher.ui.windows.Builder: log_unconnected_functions() | Not connected to builder 'on_mnu_preferences_activate'
2022-12-10 11:49:58,837 | DEBUG | ulauncher.ui.windows.Builder: log_unconnected_functions() | Not connected to builder 'on_preferences_dialog_destroyed'
2022-12-10 11:49:58,838 | DEBUG | ulauncher.utils.display: get_screens() | Found 1 monitor(s)
2022-12-10 11:49:58,838 | DEBUG | ulauncher.utils.display: get_screens() |   Monitor 0 - X: 0, Y: 0, W: 1920, H: 1080
2022-12-10 11:49:58,850 | DEBUG | ulauncher.ui.windows.UlauncherWindow: show_results() | render 0 results
2022-12-10 11:49:58,852 | INFO | ulauncher.search.apps.app_watcher: start() | Started scanning desktop dirs
2022-12-10 11:49:58,853 | INFO | ulauncher.api.server.ExtensionServer: _start_thread() | Starting WS server on port 5054
2022-12-10 11:49:58,868 | INFO | ulauncher.ui.windows.UlauncherWindow: bind_show_app_hotkey() | Trying to bind app hotkey: <Primary>space
2022-12-10 11:49:58,887 | INFO | ulauncher.utils.desktop.reader: find_apps_cached() | Found 82 apps in cache
2022-12-10 11:49:58,889 | INFO | ulauncher.utils.desktop.reader: read_desktop_file() | Could not read "/home/aamir/.local/share/applications/electron14.desktop": constructor returned NULL
2022-12-10 11:49:58,890 | INFO | ulauncher.utils.desktop.reader: read_desktop_file() | Could not read "/home/aamir/.local/share/applications/electron23.desktop": constructor returned NULL
2022-12-10 11:49:58,890 | INFO | ulauncher.utils.desktop.reader: read_desktop_file() | Could not read "/home/aamir/.local/share/applications/electron17.desktop": constructor returned NULL
2022-12-10 11:49:58,890 | INFO | ulauncher.utils.desktop.reader: read_desktop_file() | Could not read "/home/aamir/.local/share/applications/electron25.desktop": constructor returned NULL
2022-12-10 11:49:58,890 | INFO | ulauncher.utils.desktop.reader: read_desktop_file() | Could not read "/home/aamir/.local/share/applications/electron7.desktop": constructor returned NULL
2022-12-10 11:49:58,891 | INFO | ulauncher.utils.desktop.reader: read_desktop_file() | Could not read "/home/aamir/.local/share/applications/electron12.desktop": constructor returned NULL
2022-12-10 11:49:58,891 | INFO | ulauncher.utils.desktop.reader: read_desktop_file() | Could not read "/home/aamir/.local/share/applications/electron.desktop": constructor returned NULL
2022-12-10 11:49:58,891 | INFO | ulauncher.utils.desktop.reader: read_desktop_file() | Could not read "/home/aamir/.local/share/applications/fish.desktop": constructor returned NULL
2022-12-10 11:49:58,892 | INFO | ulauncher.utils.desktop.reader: read_desktop_file() | Could not read "/home/aamir/.local/share/applications/electron11.desktop": constructor returned NULL
2022-12-10 11:49:58,892 | INFO | ulauncher.utils.desktop.reader: read_desktop_file() | Could not read "/home/aamir/.local/share/applications/electron6.desktop": constructor returned NULL
2022-12-10 11:49:58,892 | INFO | ulauncher.utils.desktop.reader: read_desktop_file() | Could not read "/home/aamir/.local/share/applications/electron10.desktop": constructor returned NULL
2022-12-10 11:49:58,892 | INFO | ulauncher.utils.desktop.reader: read_desktop_file() | Could not read "/home/aamir/.local/share/applications/electron16.desktop": constructor returned NULL
2022-12-10 11:49:58,893 | INFO | ulauncher.utils.desktop.reader: read_desktop_file() | Could not read "/home/aamir/.local/share/applications/electron22.desktop": constructor returned NULL
2022-12-10 11:49:58,893 | INFO | ulauncher.utils.desktop.reader: read_desktop_file() | Could not read "/home/aamir/.local/share/applications/electron9.desktop": constructor returned NULL
2022-12-10 11:49:58,893 | INFO | ulauncher.utils.desktop.reader: read_desktop_file() | Could not read "/home/aamir/.local/share/applications/electron24.desktop": constructor returned NULL
2022-12-10 11:49:58,894 | INFO | ulauncher.utils.desktop.reader: read_desktop_file() | Could not read "/home/aamir/.local/share/applications/electron20.desktop": constructor returned NULL
2022-12-10 11:49:58,894 | INFO | ulauncher.utils.desktop.reader: read_desktop_file() | Could not read "/home/aamir/.local/share/applications/electron21.desktop": constructor returned NULL
2022-12-10 11:49:58,894 | INFO | ulauncher.utils.desktop.reader: read_desktop_file() | Could not read "/home/aamir/.local/share/applications/electron13.desktop": constructor returned NULL
2022-12-10 11:49:58,894 | INFO | ulauncher.utils.desktop.reader: read_desktop_file() | Could not read "/home/aamir/.local/share/applications/electron18.desktop": constructor returned NULL
2022-12-10 11:49:58,895 | INFO | ulauncher.utils.desktop.reader: read_desktop_file() | Could not read "/home/aamir/.local/share/applications/electron19.desktop": constructor returned NULL
2022-12-10 11:49:58,895 | INFO | ulauncher.utils.desktop.reader: read_desktop_file() | Could not read "/home/aamir/.local/share/applications/electron8.desktop": constructor returned NULL
2022-12-10 11:49:58,895 | INFO | ulauncher.utils.desktop.reader: read_desktop_file() | Could not read "/home/aamir/.local/share/applications/electron4.desktop": constructor returned NULL
2022-12-10 11:49:58,896 | INFO | ulauncher.utils.desktop.reader: read_desktop_file() | Could not read "/home/aamir/.local/share/applications/electron15.desktop": constructor returned NULL
2022-12-10 11:49:58,902 | INFO | ulauncher.utils.desktop.reader: read_desktop_file() | Could not read "/usr/share/applications/org.kde.mobile.okular_kimgio.desktop": constructor returned NULL
2022-12-10 11:49:58,908 | INFO | ulauncher.utils.desktop.reader: read_desktop_file() | Could not read "/usr/share/applications/org.kde.kded5.desktop": constructor returned NULL
2022-12-10 11:49:58,909 | INFO | ulauncher.utils.desktop.reader: read_desktop_file() | Could not read "/usr/share/applications/org.kde.mobile.okular_fax.desktop": constructor returned NULL
2022-12-10 11:49:58,913 | INFO | ulauncher.utils.desktop.reader: read_desktop_file() | Could not read "/usr/share/applications/org.kde.mobile.okular_ghostview.desktop": constructor returned NULL
2022-12-10 11:49:58,914 | INFO | ulauncher.utils.desktop.reader: read_desktop_file() | Could not read "/usr/share/applications/org.kde.mobile.okular_djvu.desktop": constructor returned NULL
2022-12-10 11:49:58,916 | INFO | ulauncher.utils.desktop.reader: read_desktop_file() | Could not read "/usr/share/applications/org.kde.mobile.okular_comicbook.desktop": constructor returned NULL
2022-12-10 11:49:58,925 | INFO | ulauncher.utils.desktop.reader: read_desktop_file() | Could not read "/usr/share/applications/org.kde.mobile.okular_mobi.desktop": constructor returned NULL
2022-12-10 11:49:58,925 | INFO | ulauncher.utils.desktop.reader: read_desktop_file() | Could not read "/usr/share/applications/org.kde.kwin_rules_dialog.desktop": constructor returned NULL
2022-12-10 11:49:58,926 | INFO | ulauncher.utils.desktop.reader: read_desktop_file() | Could not read "/usr/share/applications/org.kde.mobile.okular_pdf.desktop": constructor returned NULL
2022-12-10 11:49:58,928 | INFO | ulauncher.utils.desktop.reader: read_desktop_file() | Could not read "/usr/share/applications/org.kde.mobile.okular_dvi.desktop": constructor returned NULL
2022-12-10 11:49:58,931 | INFO | ulauncher.utils.desktop.reader: read_desktop_file() | Could not read "/usr/share/applications/org.kde.mobile.okular_md.desktop": constructor returned NULL
2022-12-10 11:49:58,933 | INFO | ulauncher.utils.desktop.reader: read_desktop_file() | Could not read "/usr/share/applications/org.kde.mobile.okular_epub.desktop": constructor returned NULL
2022-12-10 11:49:58,935 | INFO | ulauncher.utils.desktop.reader: read_desktop_file() | Could not read "/usr/share/applications/org.kde.mobile.okular_txt.desktop": constructor returned NULL
2022-12-10 11:49:58,936 | INFO | ulauncher.utils.desktop.reader: read_desktop_file() | Could not read "/usr/share/applications/org.kde.mobile.okular_plucker.desktop": constructor returned NULL
2022-12-10 11:49:58,943 | INFO | ulauncher.utils.desktop.reader: read_desktop_file() | Could not read "/usr/share/applications/org.kde.mobile.okular_xps.desktop": constructor returned NULL
2022-12-10 11:49:58,944 | INFO | ulauncher.utils.desktop.reader: read_desktop_file() | Could not read "/usr/share/applications/org.kde.mobile.okular_chm.desktop": constructor returned NULL
2022-12-10 11:49:58,948 | INFO | ulauncher.utils.desktop.reader: read_desktop_file() | Could not read "/usr/share/applications/org.kde.mobile.okular_fb.desktop": constructor returned NULL
2022-12-10 11:49:58,949 | INFO | ulauncher.utils.desktop.reader: read_desktop_file() | Could not read "/usr/share/applications/org.kde.mobile.okular_tiff.desktop": constructor returned NULL
2022-12-10 11:49:58,950 | INFO | ulauncher.utils.desktop.reader: read_desktop_file() | Could not read "/usr/share/applications/org.kde.kdeconnect_open.desktop": constructor returned NULL
2022-12-10 11:49:58,953 | INFO | ulauncher.utils.desktop.reader: find_apps_cached() | Found 83 apps in the system
2022-12-10 11:49:58,953 | INFO | ulauncher.search.apps.app_watcher: start() | Scanned desktop dirs in 0.10 seconds
2022-12-10 11:49:58,956 | DEBUG | ulauncher.search.apps.app_watcher: start() | Start watching desktop files...
2022-12-10 12:47:15,275 | DEBUG | ulauncher.utils.display: get_screens() | Found 1 monitor(s)
2022-12-10 12:47:15,275 | DEBUG | ulauncher.utils.display: get_screens() |   Monitor 0 - X: 0, Y: 0, W: 1920, H: 1080
2022-12-10 12:47:15,275 | DEBUG | ulauncher.ui.windows.UlauncherWindow: show_results() | render 0 results
2022-12-10 13:14:56,197 | DEBUG | ulauncher.utils.display: get_screens() | Found 1 monitor(s)
2022-12-10 13:14:56,197 | DEBUG | ulauncher.utils.display: get_screens() |   Monitor 0 - X: 0, Y: 0, W: 1920, H: 1080
2022-12-10 13:14:56,198 | DEBUG | ulauncher.ui.windows.UlauncherWindow: show_results() | render 0 results
2022-12-10 13:14:56,978 | DEBUG | ulauncher.ui.windows.UlauncherWindow: show_results() | render 9 results
2022-12-10 13:14:57,071 | DEBUG | ulauncher.ui.windows.UlauncherWindow: show_results() | render 7 results
2022-12-10 13:14:57,125 | DEBUG | ulauncher.ui.windows.UlauncherWindow: show_results() | render 1 results
2022-12-10 13:14:58,846 | DEBUG | ulauncher.ui.windows.UlauncherWindow: show_results() | render 7 results
2022-12-10 13:14:59,072 | DEBUG | ulauncher.ui.windows.UlauncherWindow: show_results() | render 9 results
2022-12-10 13:14:59,214 | DEBUG | ulauncher.ui.windows.UlauncherWindow: show_results() | render 1 results
2022-12-10 13:14:59,368 | DEBUG | ulauncher.ui.windows.UlauncherWindow: show_results() | render 1 results
2022-12-10 13:14:59,877 | INFO | ulauncher.api.shared.action.LaunchAppAction: run() | Run application Kvantum Manager (/usr/share/applications/kvantummanager.desktop) Exec ['kvantummanager']
2022-12-10 13:14:59,884 | DEBUG | ulauncher.ui.windows.UlauncherWindow: show_results() | render 0 results
2022-12-10 13:23:42,116 | INFO | ulauncher.utils.desktop.reader: read_desktop_file() | Could not read "/home/aamir/.local/share/applications/org.kde.plasma.ksys76power.desktop": constructor returned NULL
2022-12-10 13:23:42,116 | WARNING | ulauncher.search.apps.app_watcher: _add_file_sync() | Cannot add /home/aamir/.local/share/applications/org.kde.plasma.ksys76power.desktop to DB -> /home/aamir/.local/share/applications/org.kde.plasma.ksys76power.desktop
2022-12-10 13:23:44,118 | INFO | ulauncher.utils.desktop.reader: read_desktop_file() | Could not read "/home/aamir/.local/share/applications/org.kde.plasma.ksys76power.desktop": constructor returned NULL
2022-12-10 13:23:44,119 | WARNING | ulauncher.search.apps.app_watcher: _add_file_sync() | Cannot add /home/aamir/.local/share/applications/org.kde.plasma.ksys76power.desktop to DB -> /home/aamir/.local/share/applications/org.kde.plasma.ksys76power.desktop
2022-12-10 13:23:46,120 | INFO | ulauncher.utils.desktop.reader: read_desktop_file() | Could not read "/home/aamir/.local/share/applications/org.kde.plasma.ksys76power.desktop": constructor returned NULL
2022-12-10 13:23:46,120 | WARNING | ulauncher.search.apps.app_watcher: _add_file_sync() | Cannot add /home/aamir/.local/share/applications/org.kde.plasma.ksys76power.desktop to DB -> /home/aamir/.local/share/applications/org.kde.plasma.ksys76power.desktop
2022-12-10 13:23:48,123 | INFO | ulauncher.utils.desktop.reader: read_desktop_file() | Could not read "/home/aamir/.local/share/applications/org.kde.plasma.ksys76power.desktop": constructor returned NULL
2022-12-10 13:23:48,123 | WARNING | ulauncher.search.apps.app_watcher: _add_file_sync() | Cannot add /home/aamir/.local/share/applications/org.kde.plasma.ksys76power.desktop to DB -> /home/aamir/.local/share/applications/org.kde.plasma.ksys76power.desktop
2022-12-10 13:23:50,128 | INFO | ulauncher.utils.desktop.reader: read_desktop_file() | Could not read "/home/aamir/.local/share/applications/org.kde.plasma.ksys76power.desktop": constructor returned NULL
2022-12-10 13:23:50,128 | WARNING | ulauncher.search.apps.app_watcher: _add_file_sync() | Cannot add /home/aamir/.local/share/applications/org.kde.plasma.ksys76power.desktop to DB -> /home/aamir/.local/share/applications/org.kde.plasma.ksys76power.desktop
2022-12-10 13:23:52,132 | INFO | ulauncher.utils.desktop.reader: read_desktop_file() | Could not read "/home/aamir/.local/share/applications/org.kde.plasma.ksys76power.desktop": constructor returned NULL
2022-12-10 13:23:52,132 | WARNING | ulauncher.search.apps.app_watcher: _add_file_sync() | Cannot add /home/aamir/.local/share/applications/org.kde.plasma.ksys76power.desktop to DB -> /home/aamir/.local/share/applications/org.kde.plasma.ksys76power.desktop
2022-12-10 13:23:54,135 | INFO | ulauncher.utils.desktop.reader: read_desktop_file() | Could not read "/home/aamir/.local/share/applications/org.kde.plasma.ksys76power.desktop": constructor returned NULL
2022-12-10 13:23:54,136 | WARNING | ulauncher.search.apps.app_watcher: _add_file_sync() | Cannot add /home/aamir/.local/share/applications/org.kde.plasma.ksys76power.desktop to DB -> /home/aamir/.local/share/applications/org.kde.plasma.ksys76power.desktop
2022-12-10 13:23:56,140 | INFO | ulauncher.utils.desktop.reader: read_desktop_file() | Could not read "/home/aamir/.local/share/applications/org.kde.plasma.ksys76power.desktop": constructor returned NULL
2022-12-10 13:23:56,141 | WARNING | ulauncher.search.apps.app_watcher: _add_file_sync() | Cannot add /home/aamir/.local/share/applications/org.kde.plasma.ksys76power.desktop to DB -> /home/aamir/.local/share/applications/org.kde.plasma.ksys76power.desktop
2022-12-10 13:23:58,145 | INFO | ulauncher.utils.desktop.reader: read_desktop_file() | Could not read "/home/aamir/.local/share/applications/org.kde.plasma.ksys76power.desktop": constructor returned NULL
2022-12-10 13:23:58,146 | WARNING | ulauncher.search.apps.app_watcher: _add_file_sync() | Cannot add /home/aamir/.local/share/applications/org.kde.plasma.ksys76power.desktop to DB -> /home/aamir/.local/share/applications/org.kde.plasma.ksys76power.desktop
2022-12-10 13:24:00,150 | INFO | ulauncher.utils.desktop.reader: read_desktop_file() | Could not read "/home/aamir/.local/share/applications/org.kde.plasma.ksys76power.desktop": constructor returned NULL
2022-12-10 13:24:00,151 | WARNING | ulauncher.search.apps.app_watcher: _add_file_sync() | Cannot add /home/aamir/.local/share/applications/org.kde.plasma.ksys76power.desktop to DB -> /home/aamir/.local/share/applications/org.kde.plasma.ksys76power.desktop
2022-12-10 13:24:02,155 | INFO | ulauncher.utils.desktop.reader: read_desktop_file() | Could not read "/home/aamir/.local/share/applications/org.kde.plasma.ksys76power.desktop": constructor returned NULL
2022-12-10 13:24:02,155 | WARNING | ulauncher.search.apps.app_watcher: _add_file_sync() | Cannot add /home/aamir/.local/share/applications/org.kde.plasma.ksys76power.desktop to DB -> /home/aamir/.local/share/applications/org.kde.plasma.ksys76power.desktop
2022-12-10 13:24:04,158 | INFO | ulauncher.utils.desktop.reader: read_desktop_file() | Could not read "/home/aamir/.local/share/applications/org.kde.plasma.ksys76power.desktop": constructor returned NULL
2022-12-10 13:24:04,158 | WARNING | ulauncher.search.apps.app_watcher: _add_file_sync() | Cannot add /home/aamir/.local/share/applications/org.kde.plasma.ksys76power.desktop to DB -> /home/aamir/.local/share/applications/org.kde.plasma.ksys76power.desktop
2022-12-10 13:24:06,161 | INFO | ulauncher.utils.desktop.reader: read_desktop_file() | Could not read "/home/aamir/.local/share/applications/org.kde.plasma.ksys76power.desktop": constructor returned NULL
2022-12-10 13:24:06,161 | WARNING | ulauncher.search.apps.app_watcher: _add_file_sync() | Cannot add /home/aamir/.local/share/applications/org.kde.plasma.ksys76power.desktop to DB -> /home/aamir/.local/share/applications/org.kde.plasma.ksys76power.desktop
2022-12-10 13:24:08,166 | INFO | ulauncher.utils.desktop.reader: read_desktop_file() | Could not read "/home/aamir/.local/share/applications/org.kde.plasma.ksys76power.desktop": constructor returned NULL
2022-12-10 13:24:08,166 | WARNING | ulauncher.search.apps.app_watcher: _add_file_sync() | Cannot add /home/aamir/.local/share/applications/org.kde.plasma.ksys76power.desktop to DB -> /home/aamir/.local/share/applications/org.kde.plasma.ksys76power.desktop
2022-12-10 13:37:14,055 | DEBUG | ulauncher.utils.display: get_screens() | Found 1 monitor(s)
2022-12-10 13:37:14,055 | DEBUG | ulauncher.utils.display: get_screens() |   Monitor 0 - X: 0, Y: 0, W: 1920, H: 1080
2022-12-10 13:37:14,055 | DEBUG | ulauncher.ui.windows.UlauncherWindow: show_results() | render 0 results
2022-12-10 13:37:16,176 | DEBUG | ulauncher.ui.windows.UlauncherWindow: show_results() | render 6 results
2022-12-10 13:37:16,371 | DEBUG | ulauncher.ui.windows.UlauncherWindow: show_results() | render 9 results
